Flow report for ECEN3002_Lab2
Mon Feb 01 16:45:20 2021
Quartus Prime Version 20.1.1 Build 720 11/11/2020 SJ Standard Edition


---------------------
; Table of Contents ;
---------------------
  1. Legal Notice
  2. Flow Summary
  3. Flow Settings
  4. Flow Non-Default Global Settings
  5. Flow Elapsed Time
  6. Flow OS Summary
  7. Flow Log
  8. Flow Messages
  9. Flow Suppressed Messages



----------------
; Legal Notice ;
----------------
Copyright (C) 2020  Intel Corporation. All rights reserved.
Your use of Intel Corporation's design tools, logic functions 
and other software and tools, and any partner logic 
functions, and any output files from any of the foregoing 
(including device programming or simulation files), and any 
associated documentation or information are expressly subject 
to the terms and conditions of the Intel Program License 
Subscription Agreement, the Intel Quartus Prime License Agreement,
the Intel FPGA IP License Agreement, or other applicable license
agreement, including, without limitation, that your use is for
the sole purpose of programming logic devices manufactured by
Intel and sold by Intel or its authorized distributors.  Please
refer to the applicable agreement for further details, at
https://fpgasoftware.intel.com/eula.



+-----------------------------------------------------------------------------------+
; Flow Summary                                                                      ;
+---------------------------------+-------------------------------------------------+
; Flow Status                     ; Successful - Mon Feb 01 16:45:11 2021           ;
; Quartus Prime Version           ; 20.1.1 Build 720 11/11/2020 SJ Standard Edition ;
; Revision Name                   ; ECEN3002_Lab2                                   ;
; Top-level Entity Name           ; ECEN3002_Lab2                                   ;
; Family                          ; Cyclone V                                       ;
; Device                          ; 5CSXFC6D6F31C6                                  ;
; Timing Models                   ; Final                                           ;
; Logic utilization (in ALMs)     ; 133 / 41,910 ( < 1 % )                          ;
; Total registers                 ; 193                                             ;
; Total pins                      ; 25 / 499 ( 5 % )                                ;
; Total virtual pins              ; 0                                               ;
; Total block memory bits         ; 0 / 5,662,720 ( 0 % )                           ;
; Total DSP Blocks                ; 0 / 112 ( 0 % )                                 ;
; Total HSSI RX PCSs              ; 0 / 9 ( 0 % )                                   ;
; Total HSSI PMA RX Deserializers ; 0 / 9 ( 0 % )                                   ;
; Total HSSI TX PCSs              ; 0 / 9 ( 0 % )                                   ;
; Total HSSI PMA TX Serializers   ; 0 / 9 ( 0 % )                                   ;
; Total PLLs                      ; 0 / 15 ( 0 % )                                  ;
; Total DLLs                      ; 0 / 4 ( 0 % )                                   ;
+---------------------------------+-------------------------------------------------+


+-----------------------------------------+
; Flow Settings                           ;
+-------------------+---------------------+
; Option            ; Setting             ;
+-------------------+---------------------+
; Start date & time ; 02/01/2021 16:43:21 ;
; Main task         ; Compilation         ;
; Revision Name     ; ECEN3002_Lab2       ;
+-------------------+---------------------+


+---------------------------------------------------------------------------------------------------------------------------------------------+
; Flow Non-Default Global Settings                                                                                                            ;
+-------------------------------------+------------------------------------------------------------+---------------+-------------+------------+
; Assignment Name                     ; Value                                                      ; Default Value ; Entity Name ; Section Id ;
+-------------------------------------+------------------------------------------------------------+---------------+-------------+------------+
; COMPILER_SIGNATURE_ID               ; 1095308233026.161222300105768                              ; --            ; --          ; --         ;
; MAX_CORE_JUNCTION_TEMP              ; 85                                                         ; --            ; --          ; --         ;
; MIN_CORE_JUNCTION_TEMP              ; 0                                                          ; --            ; --          ; --         ;
; MISC_FILE                           ; ISSP_SW/synthesis/../ISSP_SW.cmp                           ; --            ; --          ; --         ;
; MISC_FILE                           ; ISSP_SW/synthesis/../../ISSP_SW.qsys                       ; --            ; --          ; --         ;
; MISC_FILE                           ; ISSP_KEY/synthesis/../ISSP_KEY.cmp                         ; --            ; --          ; --         ;
; MISC_FILE                           ; ISSP_KEY/synthesis/../../ISSP_KEY.qsys                     ; --            ; --          ; --         ;
; PARTITION_COLOR                     ; -- (Not supported for targeted family)                     ; --            ; --          ; Top        ;
; PARTITION_FITTER_PRESERVATION_LEVEL ; -- (Not supported for targeted family)                     ; --            ; --          ; Top        ;
; PARTITION_NETLIST_TYPE              ; -- (Not supported for targeted family)                     ; --            ; --          ; Top        ;
; POWER_BOARD_THERMAL_MODEL           ; None (CONSERVATIVE)                                        ; --            ; --          ; --         ;
; POWER_PRESET_COOLING_SOLUTION       ; 23 MM HEAT SINK WITH 200 LFPM AIRFLOW                      ; --            ; --          ; --         ;
; SLD_FILE                            ; ISSP_SW/synthesis/ISSP_SW.debuginfo                        ; --            ; --          ; --         ;
; SLD_FILE                            ; ISSP_KEY/synthesis/ISSP_KEY.debuginfo                      ; --            ; --          ; --         ;
; SLD_INFO                            ; QSYS_NAME ISSP_KEY HAS_SOPCINFO 1 GENERATION_ID 1611866645 ; --            ; ISSP_KEY    ; --         ;
; SLD_INFO                            ; QSYS_NAME ISSP_SW HAS_SOPCINFO 1 GENERATION_ID 1611866988  ; --            ; ISSP_SW     ; --         ;
; SOPCINFO_FILE                       ; ISSP_SW/synthesis/../../ISSP_SW.sopcinfo                   ; --            ; --          ; --         ;
; SOPCINFO_FILE                       ; ISSP_KEY/synthesis/../../ISSP_KEY.sopcinfo                 ; --            ; --          ; --         ;
; SYNTHESIS_ONLY_QIP                  ; On                                                         ; --            ; --          ; --         ;
; SYNTHESIS_ONLY_QIP                  ; On                                                         ; --            ; --          ; --         ;
+-------------------------------------+------------------------------------------------------------+---------------+-------------+------------+


+--------------------------------------------------------------------------------------------------------------------------+
; Flow Elapsed Time                                                                                                        ;
+----------------------+--------------+-------------------------+---------------------+------------------------------------+
; Module Name          ; Elapsed Time ; Average Processors Used ; Peak Virtual Memory ; Total CPU Time (on all processors) ;
+----------------------+--------------+-------------------------+---------------------+------------------------------------+
; Analysis & Synthesis ; 00:00:40     ; 1.0                     ; 4869 MB             ; 00:01:08                           ;
; Fitter               ; 00:00:53     ; 1.0                     ; 6665 MB             ; 00:01:27                           ;
; Assembler            ; 00:00:13     ; 1.0                     ; 4839 MB             ; 00:00:09                           ;
; Timing Analyzer      ; 00:00:08     ; 1.2                     ; 5153 MB             ; 00:00:09                           ;
; Total                ; 00:01:54     ; --                      ; --                  ; 00:02:53                           ;
+----------------------+--------------+-------------------------+---------------------+------------------------------------+


+------------------------------------------------------------------------------------+
; Flow OS Summary                                                                    ;
+----------------------+------------------+------------+------------+----------------+
; Module Name          ; Machine Hostname ; OS Name    ; OS Version ; Processor type ;
+----------------------+------------------+------------+------------+----------------+
; Analysis & Synthesis ; L3               ; Windows 10 ; 10.0       ; x86_64         ;
; Fitter               ; L3               ; Windows 10 ; 10.0       ; x86_64         ;
; Assembler            ; L3               ; Windows 10 ; 10.0       ; x86_64         ;
; Timing Analyzer      ; L3               ; Windows 10 ; 10.0       ; x86_64         ;
+----------------------+------------------+------------+------------+----------------+


------------
; Flow Log ;
------------
quartus_map --read_settings_files=on --write_settings_files=off ECEN3002_Lab2 -c ECEN3002_Lab2
quartus_fit --read_settings_files=off --write_settings_files=off ECEN3002_Lab2 -c ECEN3002_Lab2
quartus_asm --read_settings_files=off --write_settings_files=off ECEN3002_Lab2 -c ECEN3002_Lab2
quartus_sta ECEN3002_Lab2 -c ECEN3002_Lab2



