Flow report for Video_Controller
Thu Apr 29 19:01:17 2021
Quartus Prime Version 20.1.1 Build 720 11/11/2020 SJ Standard Edition


---------------------
; Table of Contents ;
---------------------
  1. Legal Notice
  2. Flow Summary
  3. Flow Settings
  4. Flow Non-Default Global Settings
  5. Flow Elapsed Time
  6. Flow OS Summary
  7. Flow Log
  8. Flow Messages
  9. Flow Suppressed Messages



----------------
; Legal Notice ;
----------------
Copyright (C) 2020  Intel Corporation. All rights reserved.
Your use of Intel Corporation's design tools, logic functions 
and other software and tools, and any partner logic 
functions, and any output files from any of the foregoing 
(including device programming or simulation files), and any 
associated documentation or information are expressly subject 
to the terms and conditions of the Intel Program License 
Subscription Agreement, the Intel Quartus Prime License Agreement,
the Intel FPGA IP License Agreement, or other applicable license
agreement, including, without limitation, that your use is for
the sole purpose of programming logic devices manufactured by
Intel and sold by Intel or its authorized distributors.  Please
refer to the applicable agreement for further details, at
https://fpgasoftware.intel.com/eula.



+-----------------------------------------------------------------------------------+
; Flow Summary                                                                      ;
+---------------------------------+-------------------------------------------------+
; Flow Status                     ; Successful - Thu Apr 29 19:01:17 2021           ;
; Quartus Prime Version           ; 20.1.1 Build 720 11/11/2020 SJ Standard Edition ;
; Revision Name                   ; Video_Controller                                ;
; Top-level Entity Name           ; Video_Controller                                ;
; Family                          ; Cyclone V                                       ;
; Device                          ; 5CSXFC6D6F31C6                                  ;
; Timing Models                   ; Final                                           ;
; Logic utilization (in ALMs)     ; 209 / 41,910 ( < 1 % )                          ;
; Total registers                 ; 295                                             ;
; Total pins                      ; 83 / 499 ( 17 % )                               ;
; Total virtual pins              ; 0                                               ;
; Total block memory bits         ; 48 / 5,662,720 ( < 1 % )                        ;
; Total DSP Blocks                ; 0 / 112 ( 0 % )                                 ;
; Total HSSI RX PCSs              ; 0 / 9 ( 0 % )                                   ;
; Total HSSI PMA RX Deserializers ; 0 / 9 ( 0 % )                                   ;
; Total HSSI TX PCSs              ; 0 / 9 ( 0 % )                                   ;
; Total HSSI PMA TX Serializers   ; 0 / 9 ( 0 % )                                   ;
; Total PLLs                      ; 2 / 15 ( 13 % )                                 ;
; Total DLLs                      ; 0 / 4 ( 0 % )                                   ;
+---------------------------------+-------------------------------------------------+


+-----------------------------------------+
; Flow Settings                           ;
+-------------------+---------------------+
; Option            ; Setting             ;
+-------------------+---------------------+
; Start date & time ; 04/29/2021 18:59:38 ;
; Main task         ; Compilation         ;
; Revision Name     ; Video_Controller    ;
+-------------------+---------------------+


+---------------------------------------------------------------------------------------------------------------------------------------------------------------------+
; Flow Non-Default Global Settings                                                                                                                                    ;
+--------------------------------------+------------------------------------------------------------+---------------+-------------+-----------------------------------+
; Assignment Name                      ; Value                                                      ; Default Value ; Entity Name ; Section Id                        ;
+--------------------------------------+------------------------------------------------------------+---------------+-------------+-----------------------------------+
; COMPILER_SIGNATURE_ID                ; 964471816784.161974437715860                               ; --            ; --          ; --                                ;
; EDA_DESIGN_INSTANCE_NAME             ; NA                                                         ; --            ; --          ; tb                                ;
; EDA_GENERATE_FUNCTIONAL_NETLIST      ; Off                                                        ; --            ; --          ; eda_board_design_timing           ;
; EDA_GENERATE_FUNCTIONAL_NETLIST      ; Off                                                        ; --            ; --          ; eda_board_design_boundary_scan    ;
; EDA_GENERATE_FUNCTIONAL_NETLIST      ; Off                                                        ; --            ; --          ; eda_board_design_signal_integrity ;
; EDA_GENERATE_FUNCTIONAL_NETLIST      ; Off                                                        ; --            ; --          ; eda_board_design_symbol           ;
; EDA_NATIVELINK_SIMULATION_TEST_BENCH ; tb                                                         ; --            ; --          ; eda_simulation                    ;
; EDA_OUTPUT_DATA_FORMAT               ; Verilog Hdl                                                ; --            ; --          ; eda_simulation                    ;
; EDA_SIMULATION_TOOL                  ; ModelSim-Altera (Verilog)                                  ; <None>        ; --          ; --                                ;
; EDA_TEST_BENCH_ENABLE_STATUS         ; TEST_BENCH_MODE                                            ; --            ; --          ; eda_simulation                    ;
; EDA_TEST_BENCH_FILE                  ; source/tb.sv                                               ; --            ; --          ; tb                                ;
; EDA_TEST_BENCH_MODULE_NAME           ; tb                                                         ; --            ; --          ; tb                                ;
; EDA_TEST_BENCH_NAME                  ; tb                                                         ; --            ; --          ; eda_simulation                    ;
; EDA_TIME_SCALE                       ; 1 ps                                                       ; --            ; --          ; eda_simulation                    ;
; MAX_CORE_JUNCTION_TEMP               ; 85                                                         ; --            ; --          ; --                                ;
; MIN_CORE_JUNCTION_TEMP               ; 0                                                          ; --            ; --          ; --                                ;
; MISC_FILE                            ; platform/synthesis/../platform.cmp                         ; --            ; --          ; --                                ;
; MISC_FILE                            ; platform/synthesis/../../platform.qsys                     ; --            ; --          ; --                                ;
; PARTITION_COLOR                      ; -- (Not supported for targeted family)                     ; --            ; --          ; Top                               ;
; PARTITION_FITTER_PRESERVATION_LEVEL  ; -- (Not supported for targeted family)                     ; --            ; --          ; Top                               ;
; PARTITION_NETLIST_TYPE               ; -- (Not supported for targeted family)                     ; --            ; --          ; Top                               ;
; POWER_BOARD_THERMAL_MODEL            ; None (CONSERVATIVE)                                        ; --            ; --          ; --                                ;
; POWER_PRESET_COOLING_SOLUTION        ; 23 MM HEAT SINK WITH 200 LFPM AIRFLOW                      ; --            ; --          ; --                                ;
; SLD_FILE                             ; platform/synthesis/platform.regmap                         ; --            ; --          ; --                                ;
; SLD_FILE                             ; platform/synthesis/platform.debuginfo                      ; --            ; --          ; --                                ;
; SLD_INFO                             ; QSYS_NAME platform HAS_SOPCINFO 1 GENERATION_ID 1619725790 ; --            ; platform    ; --                                ;
; SOPCINFO_FILE                        ; platform/synthesis/../../platform.sopcinfo                 ; --            ; --          ; --                                ;
; SYNTHESIS_ONLY_QIP                   ; On                                                         ; --            ; --          ; --                                ;
+--------------------------------------+------------------------------------------------------------+---------------+-------------+-----------------------------------+


+--------------------------------------------------------------------------------------------------------------------------+
; Flow Elapsed Time                                                                                                        ;
+----------------------+--------------+-------------------------+---------------------+------------------------------------+
; Module Name          ; Elapsed Time ; Average Processors Used ; Peak Virtual Memory ; Total CPU Time (on all processors) ;
+----------------------+--------------+-------------------------+---------------------+------------------------------------+
; Analysis & Synthesis ; 00:00:28     ; 1.0                     ; 4967 MB             ; 00:00:51                           ;
; Fitter               ; 00:00:45     ; 1.1                     ; 6789 MB             ; 00:01:34                           ;
; Assembler            ; 00:00:07     ; 1.0                     ; 4852 MB             ; 00:00:07                           ;
; Timing Analyzer      ; 00:00:09     ; 1.2                     ; 5226 MB             ; 00:00:10                           ;
; EDA Netlist Writer   ; 00:00:03     ; 1.0                     ; 4841 MB             ; 00:00:03                           ;
; Total                ; 00:01:32     ; --                      ; --                  ; 00:02:45                           ;
+----------------------+--------------+-------------------------+---------------------+------------------------------------+


+------------------------------------------------------------------------------------+
; Flow OS Summary                                                                    ;
+----------------------+------------------+------------+------------+----------------+
; Module Name          ; Machine Hostname ; OS Name    ; OS Version ; Processor type ;
+----------------------+------------------+------------+------------+----------------+
; Analysis & Synthesis ; L3               ; Windows 10 ; 10.0       ; x86_64         ;
; Fitter               ; L3               ; Windows 10 ; 10.0       ; x86_64         ;
; Assembler            ; L3               ; Windows 10 ; 10.0       ; x86_64         ;
; Timing Analyzer      ; L3               ; Windows 10 ; 10.0       ; x86_64         ;
; EDA Netlist Writer   ; L3               ; Windows 10 ; 10.0       ; x86_64         ;
+----------------------+------------------+------------+------------+----------------+


------------
; Flow Log ;
------------
quartus_map --read_settings_files=on --write_settings_files=off Video_Controller -c Video_Controller
quartus_fit --read_settings_files=off --write_settings_files=off Video_Controller -c Video_Controller
quartus_asm --read_settings_files=off --write_settings_files=off Video_Controller -c Video_Controller
quartus_sta Video_Controller -c Video_Controller
quartus_eda --read_settings_files=off --write_settings_files=off Video_Controller -c Video_Controller



