Assembler report for Video_Controller
Thu Apr 29 19:01:03 2021
Quartus Prime Version 20.1.1 Build 720 11/11/2020 SJ Standard Edition


---------------------
; Table of Contents ;
---------------------
  1. Legal Notice
  2. Assembler Summary
  3. Assembler Settings
  4. Assembler Encrypted IP Cores Summary
  5. Assembler Generated Files
  6. Assembler Device Options: C:/Users/nickw/Documents/GitHub/ECEN_3002/ECEN_3002_FPGA_VLSI_Design/vga_controller/part_5/Video_Controller.sof
  7. Assembler Messages



----------------
; Legal Notice ;
----------------
Copyright (C) 2020  Intel Corporation. All rights reserved.
Your use of Intel Corporation's design tools, logic functions 
and other software and tools, and any partner logic 
functions, and any output files from any of the foregoing 
(including device programming or simulation files), and any 
associated documentation or information are expressly subject 
to the terms and conditions of the Intel Program License 
Subscription Agreement, the Intel Quartus Prime License Agreement,
the Intel FPGA IP License Agreement, or other applicable license
agreement, including, without limitation, that your use is for
the sole purpose of programming logic devices manufactured by
Intel and sold by Intel or its authorized distributors.  Please
refer to the applicable agreement for further details, at
https://fpgasoftware.intel.com/eula.



+---------------------------------------------------------------+
; Assembler Summary                                             ;
+-----------------------+---------------------------------------+
; Assembler Status      ; Successful - Thu Apr 29 19:01:03 2021 ;
; Revision Name         ; Video_Controller                      ;
; Top-level Entity Name ; Video_Controller                      ;
; Family                ; Cyclone V                             ;
; Device                ; 5CSXFC6D6F31C6                        ;
+-----------------------+---------------------------------------+


+----------------------------------+
; Assembler Settings               ;
+--------+---------+---------------+
; Option ; Setting ; Default Value ;
+--------+---------+---------------+


+------------------------------------------------+
; Assembler Encrypted IP Cores Summary           ;
+--------+------------------------+--------------+
; Vendor ; IP Core Name           ; License Type ;
+--------+------------------------+--------------+
; Altera ; Signal Tap (6AF7 BCE1) ; Licensed     ;
; Altera ; Signal Tap (6AF7 BCEC) ; Licensed     ;
+--------+------------------------+--------------+


+-----------------------------------------------------------------------------------------------------------------+
; Assembler Generated Files                                                                                       ;
+-----------------------------------------------------------------------------------------------------------------+
; File Name                                                                                                       ;
+-----------------------------------------------------------------------------------------------------------------+
; C:/Users/nickw/Documents/GitHub/ECEN_3002/ECEN_3002_FPGA_VLSI_Design/vga_controller/part_5/Video_Controller.sof ;
+-----------------------------------------------------------------------------------------------------------------+


+-------------------------------------------------------------------------------------------------------------------------------------------+
; Assembler Device Options: C:/Users/nickw/Documents/GitHub/ECEN_3002/ECEN_3002_FPGA_VLSI_Design/vga_controller/part_5/Video_Controller.sof ;
+----------------+--------------------------------------------------------------------------------------------------------------------------+
; Option         ; Setting                                                                                                                  ;
+----------------+--------------------------------------------------------------------------------------------------------------------------+
; JTAG usercode  ; 0x00BD34A2                                                                                                               ;
; Checksum       ; 0x00BD34A2                                                                                                               ;
+----------------+--------------------------------------------------------------------------------------------------------------------------+


+--------------------+
; Assembler Messages ;
+--------------------+
Info: *******************************************************************
Info: Running Quartus Prime Assembler
    Info: Version 20.1.1 Build 720 11/11/2020 SJ Standard Edition
    Info: Processing started: Thu Apr 29 19:00:56 2021
Info: Command: quartus_asm --read_settings_files=off --write_settings_files=off Video_Controller -c Video_Controller
Warning (18236): Number of processors has not been specified which may cause overloading on shared machines.  Set the global assignment NUM_PARALLEL_PROCESSORS in your QSF to an appropriate value for best performance.
Info (115030): Assembler is generating device programming files
Info: Quartus Prime Assembler was successful. 0 errors, 1 warning
    Info: Peak virtual memory: 4853 megabytes
    Info: Processing ended: Thu Apr 29 19:01:03 2021
    Info: Elapsed time: 00:00:07
    Info: Total CPU time (on all processors): 00:00:07


